[26/Jun/2015 22:55:25] "GET / HTTP/1.1" 200 21280
[26/Jun/2015 22:55:25] "GET /static/assets/js/ie10-viewport-bug-workaround.js HTTP/1.1" 200 694
[26/Jun/2015 22:55:25] "GET /static/assets/js/ie-emulation-modes-warning.js HTTP/1.1" 200 2132
[26/Jun/2015 22:55:25] "GET /static/dashboard.css HTTP/1.1" 200 1557
[26/Jun/2015 22:55:25] "GET /static/dist/js/bootstrap.min.js HTTP/1.1" 200 31819
[26/Jun/2015 22:55:25] "GET /static/assets/js/docs.min.js HTTP/1.1" 200 31625
[26/Jun/2015 22:55:25] "GET /static/dist/css/bootstrap.min.css HTTP/1.1" 200 109518
[26/Jun/2015 22:55:26] "GET /assets/flash/ZeroClipboard.swf?noCache=1435359326657 HTTP/1.1" 404 2121
[26/Jun/2015 22:55:26] "GET /favicon.ico HTTP/1.1" 404 2042
[26/Jun/2015 22:55:40] "POST / HTTP/1.1" 200 23951
[26/Jun/2015 22:55:40] "GET /assets/flash/ZeroClipboard.swf?noCache=1435359340664 HTTP/1.1" 404 2121
[27/Jun/2015 20:29:29] "GET /robots.txt HTTP/1.1" 404 2039
[27/Jun/2015 20:31:09] "GET / HTTP/1.1" 200 20479
[28/Jun/2015 07:59:07] "GET / HTTP/1.1" 200 20479
[29/Jun/2015 02:04:27] "GET /robots.txt HTTP/1.1" 404 2039
[30/Jun/2015 21:53:06] "GET / HTTP/1.1" 200 16902
[01/Jul/2015 20:50:32] "GET /robots.txt HTTP/1.1" 404 2039
[01/Jul/2015 20:50:33] "GET /robots.txt HTTP/1.1" 404 2039
[01/Jul/2015 20:50:34] "GET / HTTP/1.1" 200 16902
[01/Jul/2015 20:50:35] "GET /static/dist/css/bootstrap.min.css HTTP/1.1" 200 109518
[01/Jul/2015 20:50:35] "GET /static/assets/js/ie-emulation-modes-warning.js HTTP/1.1" 200 2132
[01/Jul/2015 20:50:36] "GET /static/dist/js/bootstrap.min.js HTTP/1.1" 200 31819
[01/Jul/2015 20:50:38] "GET /static/assets/js/docs.min.js HTTP/1.1" 200 31625
[01/Jul/2015 20:50:39] "GET /static/assets/js/ie10-viewport-bug-workaround.js HTTP/1.1" 200 694
[01/Jul/2015 20:50:41] "GET /static/dashboard.css HTTP/1.1" 200 1557
[03/Jul/2015 01:34:11] "GET /robots.txt HTTP/1.1" 404 2039
[03/Jul/2015 01:37:12] "GET / HTTP/1.1" 200 18473
[04/Jul/2015 08:13:13] "GET / HTTP/1.1" 200 18173
[05/Jul/2015 13:55:49] "GET /robots.txt HTTP/1.1" 404 2039
[05/Jul/2015 13:57:00] "GET /static/dashboard.css HTTP/1.1" 200 1557
[06/Jul/2015 07:55:26] "GET /robots.txt HTTP/1.1" 404 2039
[06/Jul/2015 07:57:49] "GET /robots.txt HTTP/1.1" 404 2039
[06/Jul/2015 07:57:51] "GET / HTTP/1.1" 200 18173
[06/Jul/2015 07:58:21] "GET /static/dashboard.css HTTP/1.1" 200 1557
[06/Jul/2015 07:58:22] "GET /static/dist/css/bootstrap.min.css HTTP/1.1" 200 109518
[06/Jul/2015 10:11:47] "GET /robots.txt HTTP/1.1" 404 2039
[06/Jul/2015 14:05:56] "GET /static/dist/js/bootstrap.min.js HTTP/1.1" 200 31819
[07/Jul/2015 10:14:44] "GET / HTTP/1.1" 200 18173
[07/Jul/2015 12:44:11] "GET /static/assets/js/docs.min.js HTTP/1.1" 200 31625
[07/Jul/2015 19:13:56] "GET / HTTP/1.1" 200 18173
[09/Jul/2015 02:18:10] "GET / HTTP/1.1" 200 17664
[09/Jul/2015 02:18:11] "GET /static/dashboard.css HTTP/1.1" 200 1557
[09/Jul/2015 02:18:11] "GET /static/assets/js/ie-emulation-modes-warning.js HTTP/1.1" 200 2132
[09/Jul/2015 02:18:11] "GET /static/assets/js/ie10-viewport-bug-workaround.js HTTP/1.1" 200 694
[09/Jul/2015 02:18:11] "GET /static/dist/js/bootstrap.min.js HTTP/1.1" 200 31819
[09/Jul/2015 02:18:11] "GET /static/assets/js/docs.min.js HTTP/1.1" 200 31625
[09/Jul/2015 02:18:11] "GET /static/dist/css/bootstrap.min.css HTTP/1.1" 200 109518
[09/Jul/2015 02:18:11] "GET /static/assets/js/ie-emulation-modes-warning.js HTTP/1.1" 200 2132
[09/Jul/2015 02:18:11] "GET /static/assets/js/ie10-viewport-bug-workaround.js HTTP/1.1" 200 694
[11/Jul/2015 17:46:20] "GET /robots.txt HTTP/1.1" 404 2039
[11/Jul/2015 17:51:50] "GET / HTTP/1.1" 500 70938
Traceback (most recent call last):
  File "/usr/lib/python2.7/wsgiref/handlers.py", line 86, in run
    self.finish_response()
  File "/usr/lib/python2.7/wsgiref/handlers.py", line 128, in finish_response
    self.write(data)
  File "/usr/lib/python2.7/wsgiref/handlers.py", line 217, in write
    self._write(data)
  File "/usr/lib/python2.7/socket.py", line 324, in write
    self.flush()
  File "/usr/lib/python2.7/socket.py", line 303, in flush
    self._sock.sendall(view[write_offset:write_offset+buffer_size])
error: [Errno 104] Connection reset by peer
[11/Jul/2015 17:51:50] "GET / HTTP/1.1" 500 59
Traceback (most recent call last):
  File "/usr/lib/python2.7/SocketServer.py", line 593, in process_request_thread
    self.finish_request(request, client_address)
  File "/usr/lib/python2.7/SocketServer.py", line 334, in finish_request
    self.RequestHandlerClass(request, client_address, self)
  File "/var/python-django-etc/django-ethan/local/lib/python2.7/site-packages/Django-1.7.1-py2.7.egg/django/core/servers/basehttp.py", line 129, in __init__
    super(WSGIRequestHandler, self).__init__(*args, **kwargs)
  File "/usr/lib/python2.7/SocketServer.py", line 651, in __init__
    self.finish()
  File "/usr/lib/python2.7/SocketServer.py", line 710, in finish
    self.wfile.close()
  File "/usr/lib/python2.7/socket.py", line 279, in close
    self.flush()
  File "/usr/lib/python2.7/socket.py", line 303, in flush
    self._sock.sendall(view[write_offset:write_offset+buffer_size])
error: [Errno 32] Broken pipe
[12/Jul/2015 03:32:46] "GET /robots.txt HTTP/1.1" 404 2039
[12/Jul/2015 19:15:51] "GET /robots.txt HTTP/1.1" 404 2039
[12/Jul/2015 19:17:18] "GET /static/dashboard.css HTTP/1.1" 200 1557
[13/Jul/2015 00:35:27] "GET / HTTP/1.1" 200 17926
[13/Jul/2015 06:48:48] "GET /robots.txt HTTP/1.1" 404 2036
[13/Jul/2015 14:48:46] "GET / HTTP/1.1" 200 17926
[13/Jul/2015 14:48:46] "GET /static/assets/js/ie10-viewport-bug-workaround.js HTTP/1.1" 200 694
[13/Jul/2015 14:48:46] "GET /static/assets/js/ie-emulation-modes-warning.js HTTP/1.1" 200 2132
[13/Jul/2015 14:48:46] "GET /static/dashboard.css HTTP/1.1" 200 1557
[13/Jul/2015 14:48:46] "GET /static/dist/js/bootstrap.min.js HTTP/1.1" 200 31819
[13/Jul/2015 14:48:46] "GET /static/assets/js/docs.min.js HTTP/1.1" 200 31625
[13/Jul/2015 14:48:46] "GET /static/dist/css/bootstrap.min.css HTTP/1.1" 200 109518
[13/Jul/2015 14:48:47] "GET /assets/flash/ZeroClipboard.swf?noCache=1436798926429 HTTP/1.1" 404 2121
[13/Jul/2015 14:48:47] "GET /favicon.ico HTTP/1.1" 404 2042
[14/Jul/2015 03:17:49] "GET / HTTP/1.1" 200 15296
[14/Jul/2015 03:17:49] "GET /static/assets/js/ie10-viewport-bug-workaround.js HTTP/1.1" 200 694
[14/Jul/2015 03:17:49] "GET /static/assets/js/ie-emulation-modes-warning.js HTTP/1.1" 200 2132
[14/Jul/2015 03:17:49] "GET /static/dashboard.css HTTP/1.1" 200 1557
[14/Jul/2015 03:17:49] "GET /static/assets/js/docs.min.js HTTP/1.1" 200 31625
[14/Jul/2015 03:17:49] "GET /static/dist/js/bootstrap.min.js HTTP/1.1" 200 31819
[14/Jul/2015 03:17:49] "GET /static/dist/css/bootstrap.min.css HTTP/1.1" 200 109518
[14/Jul/2015 03:17:50] "GET /assets/flash/ZeroClipboard.swf?noCache=1436843868568 HTTP/1.1" 404 2121
[14/Jul/2015 03:18:08] "POST / HTTP/1.1" 200 22823
[14/Jul/2015 03:18:09] "GET /assets/flash/ZeroClipboard.swf?noCache=1436843887265 HTTP/1.1" 404 2121
[14/Jul/2015 03:18:18] "GET /assets/flash/ZeroClipboard.swf?noCache=1436843896685 HTTP/1.1" 404 2121
[14/Jul/2015 09:48:11] "GET / HTTP/1.1" 200 16865
[14/Jul/2015 15:48:47] "GET / HTTP/1.1" 200 16865
[15/Jul/2015 12:34:34] "GET /static/assets/js/'+i+' HTTP/1.1" 404 1675
[16/Jul/2015 20:43:55] "GET /robots.txt HTTP/1.1" 404 2039
[16/Jul/2015 20:43:56] "GET /robots.txt HTTP/1.1" 404 2039
[16/Jul/2015 20:43:57] "GET / HTTP/1.1" 200 13970
[16/Jul/2015 20:43:57] "GET /static/dist/css/bootstrap.min.css HTTP/1.1" 200 109518
[16/Jul/2015 20:43:57] "GET /static/assets/js/ie10-viewport-bug-workaround.js HTTP/1.1" 200 694
[16/Jul/2015 20:43:58] "GET /static/assets/js/docs.min.js HTTP/1.1" 200 31625
[16/Jul/2015 20:43:59] "GET /static/dist/js/bootstrap.min.js HTTP/1.1" 200 31819
[16/Jul/2015 20:44:00] "GET /static/assets/js/ie-emulation-modes-warning.js HTTP/1.1" 200 2132
[16/Jul/2015 20:44:01] "GET /static/dashboard.css HTTP/1.1" 200 1557
[17/Jul/2015 02:15:59] "GET /robots.txt HTTP/1.1" 404 2039
[17/Jul/2015 02:16:50] "GET / HTTP/1.1" 200 16600
[17/Jul/2015 23:59:54] "GET /static/assets/js/ie-emulation-modes-warning.js HTTP/1.1" 200 2132
[17/Jul/2015 23:59:54] "GET /robots.txt HTTP/1.1" 404 2039
[18/Jul/2015 20:13:59] "GET / HTTP/1.1" 200 16600
[19/Jul/2015 00:06:48] "GET /static/dashboard.css HTTP/1.1" 200 1557
[19/Jul/2015 05:15:45] "GET /robots.txt HTTP/1.1" 404 2039
[19/Jul/2015 08:35:24] "GET / HTTP/1.1" 200 11919
[19/Jul/2015 18:43:27] "GET / HTTP/1.1" 200 15081
[21/Jul/2015 16:52:36] "GET / HTTP/1.1" 200 14809
[21/Jul/2015 16:52:36] "GET /static/assets/js/ie10-viewport-bug-workaround.js HTTP/1.1" 200 694
[21/Jul/2015 16:52:36] "GET /static/dashboard.css HTTP/1.1" 200 1557
[21/Jul/2015 16:52:36] "GET /static/assets/js/ie-emulation-modes-warning.js HTTP/1.1" 200 2132
[21/Jul/2015 16:52:36] "GET /static/dist/js/bootstrap.min.js HTTP/1.1" 200 31819
[21/Jul/2015 16:52:36] "GET /static/assets/js/docs.min.js HTTP/1.1" 200 31625
[21/Jul/2015 16:52:36] "GET /static/dist/css/bootstrap.min.css HTTP/1.1" 200 109518
[21/Jul/2015 16:52:37] "GET /assets/flash/ZeroClipboard.swf?noCache=1437497555367 HTTP/1.1" 404 2121
[21/Jul/2015 16:52:38] "GET /favicon.ico HTTP/1.1" 404 2042
[21/Jul/2015 18:50:20] "GET / HTTP/1.1" 200 14809
[21/Jul/2015 18:50:21] "GET /assets/flash/ZeroClipboard.swf?noCache=1437504619523 HTTP/1.1" 404 2121
[22/Jul/2015 03:00:56] "GET /robots.txt HTTP/1.1" 404 2036
[22/Jul/2015 08:35:21] "GET /static/dist/css/bootstrap.min.css HTTP/1.1" 200 109518
[22/Jul/2015 19:27:05] "GET /robots.txt HTTP/1.1" 404 2039
[22/Jul/2015 19:29:30] "GET / HTTP/1.1" 200 15321
[23/Jul/2015 14:28:44] "GET / HTTP/1.1" 200 15321
[24/Jul/2015 17:07:36] "GET / HTTP/1.1" 200 15321
[25/Jul/2015 04:31:50] "GET /robots.txt HTTP/1.1" 404 2039
[25/Jul/2015 07:03:00] "GET /robots.txt HTTP/1.1" 404 2036
[25/Jul/2015 15:15:41] "GET / HTTP/1.1" 200 15321
[25/Jul/2015 23:37:33] "GET / HTTP/1.1" 200 15324
[25/Jul/2015 23:37:33] "GET /static/assets/js/ie-emulation-modes-warning.js HTTP/1.1" 200 2132
[25/Jul/2015 23:37:33] "GET /static/assets/js/ie10-viewport-bug-workaround.js HTTP/1.1" 200 694
[25/Jul/2015 23:37:33] "GET /static/dashboard.css HTTP/1.1" 200 1557
[25/Jul/2015 23:37:33] "GET /static/assets/js/docs.min.js HTTP/1.1" 200 31625
[25/Jul/2015 23:37:33] "GET /static/dist/js/bootstrap.min.js HTTP/1.1" 200 31819
[25/Jul/2015 23:37:33] "GET /static/dist/css/bootstrap.min.css HTTP/1.1" 200 109518
[25/Jul/2015 23:37:34] "GET /assets/flash/ZeroClipboard.swf?noCache=1437867451246 HTTP/1.1" 404 2121
[25/Jul/2015 23:37:34] "GET /favicon.ico HTTP/1.1" 404 2042
[25/Jul/2015 23:37:47] "POST / HTTP/1.1" 200 22576
[25/Jul/2015 23:37:47] "GET /assets/flash/ZeroClipboard.swf?noCache=1437867464507 HTTP/1.1" 404 2121
[26/Jul/2015 21:00:07] "GET / HTTP/1.1" 200 15324
[27/Jul/2015 03:22:31] "GET / HTTP/1.1" 200 15324
[27/Jul/2015 03:22:31] "GET /static/assets/js/ie10-viewport-bug-workaround.js HTTP/1.1" 200 694
[27/Jul/2015 03:22:31] "GET /static/assets/js/ie-emulation-modes-warning.js HTTP/1.1" 200 2132
[27/Jul/2015 03:22:31] "GET /static/dashboard.css HTTP/1.1" 200 1557
[27/Jul/2015 03:22:31] "GET /static/assets/js/docs.min.js HTTP/1.1" 200 31625
[27/Jul/2015 03:22:31] "GET /static/dist/js/bootstrap.min.js HTTP/1.1" 200 31819
[27/Jul/2015 03:22:31] "GET /static/dist/css/bootstrap.min.css HTTP/1.1" 200 109518
[27/Jul/2015 03:22:32] "GET /assets/flash/ZeroClipboard.swf?noCache=1437967349438 HTTP/1.1" 404 2121
[27/Jul/2015 04:20:32] code 400, message Bad HTTP/0.9 request type ("\x16\x03\x01\x00\xf4\x01\x00\x00\xf0\x03\x03U\xb5\xa0\xbd~r\x10'\x86")
Traceback (most recent call last):
  File "/usr/lib/python2.7/SocketServer.py", line 593, in process_request_thread
    self.finish_request(request, client_address)
  File "/usr/lib/python2.7/SocketServer.py", line 334, in finish_request
    self.RequestHandlerClass(request, client_address, self)
  File "/var/python-django-etc/django-ethan/local/lib/python2.7/site-packages/Django-1.7.1-py2.7.egg/django/core/servers/basehttp.py", line 129, in __init__
    super(WSGIRequestHandler, self).__init__(*args, **kwargs)
  File "/usr/lib/python2.7/SocketServer.py", line 649, in __init__
    self.handle()
  File "/usr/lib/python2.7/wsgiref/simple_server.py", line 117, in handle
    if not self.parse_request(): # An error code has been sent, just exit
  File "/usr/lib/python2.7/BaseHTTPServer.py", line 281, in parse_request
    "Bad HTTP/0.9 request type (%r)" % command)
  File "/usr/lib/python2.7/BaseHTTPServer.py", line 368, in send_error
    self.send_response(code, message)
  File "/usr/lib/python2.7/BaseHTTPServer.py", line 385, in send_response
    self.log_request(code)
  File "/usr/lib/python2.7/BaseHTTPServer.py", line 422, in log_request
    self.requestline, str(code), str(size))
  File "/var/python-django-etc/django-ethan/local/lib/python2.7/site-packages/Django-1.7.1-py2.7.egg/django/core/servers/basehttp.py", line 136, in log_message
    msg = "[%s] %s\n" % (self.log_date_time_string(), format % args)
UnicodeDecodeError: 'ascii' codec can't decode byte 0xf4 in position 5: ordinal not in range(128)
[27/Jul/2015 04:25:33] "GET / HTTP/1.1" 200 15324
[27/Jul/2015 04:25:34] "GET /assets/flash/ZeroClipboard.swf?noCache=1437971131638 HTTP/1.1" 404 2121
[27/Jul/2015 10:57:01] "GET /robots.txt HTTP/1.1" 404 2039
[27/Jul/2015 10:57:22] "GET /static/dashboard.css HTTP/1.1" 200 1557
[27/Jul/2015 20:35:09] "GET /static/assets/js/ie10-viewport-bug-workaround.js HTTP/1.1" 200 694
[28/Jul/2015 03:21:53] "GET / HTTP/1.1" 200 15324
[29/Jul/2015 23:48:15] "GET / HTTP/1.1" 200 17972
[29/Jul/2015 23:48:16] "GET /static/assets/js/ie10-viewport-bug-workaround.js HTTP/1.1" 200 694
[29/Jul/2015 23:48:16] "GET /static/assets/js/ie-emulation-modes-warning.js HTTP/1.1" 200 2132
[29/Jul/2015 23:48:16] "GET /static/dashboard.css HTTP/1.1" 200 1557
[29/Jul/2015 23:48:16] "GET /static/dist/js/bootstrap.min.js HTTP/1.1" 200 31819
[29/Jul/2015 23:48:16] "GET /static/assets/js/docs.min.js HTTP/1.1" 200 31625
[29/Jul/2015 23:48:16] "GET /static/dist/css/bootstrap.min.css HTTP/1.1" 200 109518
[29/Jul/2015 23:48:17] "GET /assets/flash/ZeroClipboard.swf?noCache=1438213694845 HTTP/1.1" 404 2121
[29/Jul/2015 23:48:17] "GET /favicon.ico HTTP/1.1" 404 2042
[31/Jul/2015 05:31:16] "GET / HTTP/1.1" 200 18791
[31/Jul/2015 06:22:44] "GET /robots.txt HTTP/1.1" 404 2039
[31/Jul/2015 06:22:44] "GET /robots.txt HTTP/1.1" 404 2039
[31/Jul/2015 06:22:45] "GET / HTTP/1.1" 200 18791
[31/Jul/2015 06:22:46] "GET /static/dist/css/bootstrap.min.css HTTP/1.1" 200 109518
[31/Jul/2015 06:22:46] "GET /static/assets/js/ie-emulation-modes-warning.js HTTP/1.1" 200 2132
[31/Jul/2015 06:22:47] "GET /static/assets/js/ie10-viewport-bug-workaround.js HTTP/1.1" 200 694
[31/Jul/2015 06:22:48] "GET /static/dist/js/bootstrap.min.js HTTP/1.1" 200 31819
[31/Jul/2015 06:22:49] "GET /static/assets/js/docs.min.js HTTP/1.1" 200 31625
[31/Jul/2015 06:22:51] "GET /static/dashboard.css HTTP/1.1" 200 1557
[31/Jul/2015 19:18:34] "GET / HTTP/1.1" 200 18531
[01/Aug/2015 12:49:30] "GET /robots.txt HTTP/1.1" 404 2039
[01/Aug/2015 12:49:32] "GET / HTTP/1.1" 200 18516
[01/Aug/2015 20:04:42] "GET /robots.txt HTTP/1.0" 404 2036
[01/Aug/2015 20:04:44] "GET /robots.txt HTTP/1.0" 404 2036
[01/Aug/2015 20:04:47] "GET / HTTP/1.0" 200 17998
[01/Aug/2015 22:13:19] "GET /static/dashboard.css HTTP/1.1" 200 1557
[02/Aug/2015 00:01:06] "GET /robots.txt HTTP/1.1" 404 2039
[02/Aug/2015 11:23:07] "GET / HTTP/1.1" 200 17998
[02/Aug/2015 20:09:40] "GET /robots.txt HTTP/1.0" 404 2036
[02/Aug/2015 20:09:45] "GET /robots.txt HTTP/1.0" 404 2036
[02/Aug/2015 20:09:47] "GET / HTTP/1.0" 200 17998
[03/Aug/2015 00:25:31] "GET / HTTP/1.1" 200 17998
[03/Aug/2015 16:12:42] "GET / HTTP/1.1" 200 17998
[03/Aug/2015 16:12:42] "GET /static/assets/js/ie10-viewport-bug-workaround.js HTTP/1.1" 200 694
[03/Aug/2015 16:12:42] "GET /static/assets/js/ie-emulation-modes-warning.js HTTP/1.1" 200 2132
[03/Aug/2015 16:12:42] "GET /static/dashboard.css HTTP/1.1" 200 1557
[03/Aug/2015 16:12:42] "GET /static/dist/css/bootstrap.min.css HTTP/1.1" 200 109518
[03/Aug/2015 16:12:43] "GET /static/dist/js/bootstrap.min.js HTTP/1.1" 200 31819
[03/Aug/2015 16:12:43] "GET /static/assets/js/docs.min.js HTTP/1.1" 200 31625
[03/Aug/2015 16:12:43] "GET /assets/flash/ZeroClipboard.swf?noCache=1438618373963 HTTP/1.1" 404 2121
[03/Aug/2015 16:12:43] "GET /favicon.ico HTTP/1.1" 404 2042
[03/Aug/2015 19:36:18] "GET / HTTP/1.1" 200 17998
[03/Aug/2015 19:36:18] "GET /static/assets/js/ie10-viewport-bug-workaround.js HTTP/1.1" 200 694
[03/Aug/2015 19:36:18] "GET /static/assets/js/ie-emulation-modes-warning.js HTTP/1.1" 200 2132
[03/Aug/2015 19:36:18] "GET /static/dashboard.css HTTP/1.1" 200 1557
[03/Aug/2015 19:36:18] "GET /static/assets/js/docs.min.js HTTP/1.1" 200 31625
[03/Aug/2015 19:36:18] "GET /static/dist/js/bootstrap.min.js HTTP/1.1" 200 31819
[03/Aug/2015 19:36:18] "GET /static/dist/css/bootstrap.min.css HTTP/1.1" 200 109518
[03/Aug/2015 19:36:20] "GET /assets/flash/ZeroClipboard.swf?noCache=1438630576986 HTTP/1.1" 404 2121
[03/Aug/2015 19:36:59] "POST / HTTP/1.1" 200 22346
[03/Aug/2015 19:36:59] "GET /assets/flash/ZeroClipboard.swf?noCache=1438630616920 HTTP/1.1" 404 2121
[03/Aug/2015 19:37:17] "GET /assets/flash/ZeroClipboard.swf?noCache=1438630634565 HTTP/1.1" 404 2121
[04/Aug/2015 02:43:15] "GET /robots.txt HTTP/1.0" 404 2036
[04/Aug/2015 02:43:17] "GET /robots.txt HTTP/1.0" 404 2036
[04/Aug/2015 02:43:19] "GET / HTTP/1.0" 200 17998
[04/Aug/2015 07:26:07] "GET / HTTP/1.1" 200 17998
[06/Aug/2015 01:26:58] "GET /robots.txt HTTP/1.0" 404 2036
[06/Aug/2015 01:27:01] "GET /robots.txt HTTP/1.0" 404 2036
[06/Aug/2015 01:27:07] "GET / HTTP/1.0" 200 17204
[07/Aug/2015 10:45:33] "GET /robots.txt HTTP/1.1" 404 2039
[08/Aug/2015 01:32:51] "GET / HTTP/1.1" 200 16659
[08/Aug/2015 02:51:31] "GET /robots.txt HTTP/1.0" 404 2036
[08/Aug/2015 02:51:33] "GET /robots.txt HTTP/1.0" 404 2036
[08/Aug/2015 02:51:36] "GET / HTTP/1.0" 200 16659
[08/Aug/2015 19:37:22] "GET / HTTP/1.1" 200 16659
[08/Aug/2015 20:35:29] "GET /robots.txt HTTP/1.1" 404 2039
[08/Aug/2015 20:35:30] "GET / HTTP/1.1" 200 16659
[08/Aug/2015 20:59:48] "GET /static/dist/css/bootstrap.min.css HTTP/1.1" 200 109518
[08/Aug/2015 20:59:49] "GET /static/dashboard.css HTTP/1.1" 200 1557
[09/Aug/2015 02:17:09] "GET /robots.txt HTTP/1.1" 404 2039
[09/Aug/2015 02:20:36] "GET / HTTP/1.1" 200 16659
[09/Aug/2015 05:49:09] "GET / HTTP/1.1" 200 16659
[09/Aug/2015 09:58:00] "GET / HTTP/1.1" 200 13195
[09/Aug/2015 09:58:00] "GET /static/dashboard.css HTTP/1.1" 200 1557
[09/Aug/2015 09:58:00] "GET /static/assets/js/ie-emulation-modes-warning.js HTTP/1.1" 200 2132
[09/Aug/2015 09:58:00] "GET /static/assets/js/ie10-viewport-bug-workaround.js HTTP/1.1" 200 694
[09/Aug/2015 09:58:00] "GET /favicon.ico HTTP/1.1" 404 2042
[09/Aug/2015 09:58:01] "GET /favicon.ico HTTP/1.1" 404 2042
[09/Aug/2015 09:58:01] "GET /static/dist/css/bootstrap.min.css HTTP/1.1" 200 109518
[09/Aug/2015 09:58:02] "GET /static/assets/js/docs.min.js HTTP/1.1" 200 31625
[09/Aug/2015 09:58:02] "GET /static/dist/js/bootstrap.min.js HTTP/1.1" 200 31819
[09/Aug/2015 09:58:02] "GET /assets/flash/ZeroClipboard.swf?noCache=1439114281219 HTTP/1.1" 404 2121
[09/Aug/2015 19:08:04] "GET / HTTP/1.1" 200 16392
[10/Aug/2015 01:20:58] "GET /robots.txt HTTP/1.0" 404 2036
[10/Aug/2015 01:21:00] "GET /robots.txt HTTP/1.0" 404 2036
[10/Aug/2015 01:21:03] "GET / HTTP/1.0" 200 13195
[10/Aug/2015 14:00:15] "GET /robots.txt HTTP/1.1" 404 2039
[10/Aug/2015 14:04:00] "GET /robots.txt HTTP/1.1" 404 2039
[10/Aug/2015 14:04:01] "GET / HTTP/1.1" 200 16136
[11/Aug/2015 04:46:41] "GET /robots.txt HTTP/1.1" 404 2039
[11/Aug/2015 22:00:09] "GET /static/dashboard.css HTTP/1.1" 200 1557
[11/Aug/2015 23:43:09] "GET / HTTP/1.1" 200 15880
[12/Aug/2015 05:33:09] "GET /robots.txt HTTP/1.0" 404 2036
[12/Aug/2015 05:33:12] "GET /robots.txt HTTP/1.0" 404 2036
[12/Aug/2015 05:33:15] "GET / HTTP/1.0" 200 15880
[12/Aug/2015 11:14:35] "GET /robots.txt HTTP/1.1" 404 2039
[12/Aug/2015 11:14:35] "GET /assets/flash/ZeroClipboard.swf?noCache=1439078400043 HTTP/1.1" 404 2121
[14/Aug/2015 10:57:12] "GET /robots.txt HTTP/1.0" 404 2036
[14/Aug/2015 10:57:14] "GET /robots.txt HTTP/1.0" 404 2036
[14/Aug/2015 10:57:17] "GET / HTTP/1.0" 200 9513
[15/Aug/2015 17:42:03] "GET /robots.txt HTTP/1.1" 404 2039
[16/Aug/2015 01:25:49] "GET / HTTP/1.1" 200 15348
[16/Aug/2015 01:25:49] "GET /static/assets/js/ie10-viewport-bug-workaround.js HTTP/1.1" 200 694
[16/Aug/2015 01:25:49] "GET /static/dashboard.css HTTP/1.1" 200 1557
[16/Aug/2015 01:25:49] "GET /static/assets/js/ie-emulation-modes-warning.js HTTP/1.1" 200 2132
[16/Aug/2015 01:25:49] "GET /static/dist/js/bootstrap.min.js HTTP/1.1" 200 31819
[16/Aug/2015 01:25:49] "GET /static/assets/js/docs.min.js HTTP/1.1" 200 31625
[16/Aug/2015 01:25:50] "GET /static/dist/css/bootstrap.min.css HTTP/1.1" 200 109518
[16/Aug/2015 01:25:51] "GET /assets/flash/ZeroClipboard.swf?noCache=1439688349555 HTTP/1.1" 404 2121
[16/Aug/2015 01:25:51] "GET /favicon.ico HTTP/1.1" 404 2042
[16/Aug/2015 11:15:55] "GET / HTTP/1.1" 200 12407
[17/Aug/2015 10:23:26] "GET / HTTP/1.1" 200 14278
[17/Aug/2015 15:11:22] "GET / HTTP/1.1" 200 14278
[18/Aug/2015 05:26:29] "GET / HTTP/1.1" 200 14278
[18/Aug/2015 16:02:14] "GET / HTTP/1.1" 200 10559
[18/Aug/2015 16:02:14] "GET /static/assets/js/ie10-viewport-bug-workaround.js HTTP/1.1" 200 694
[18/Aug/2015 16:02:14] "GET /static/assets/js/ie-emulation-modes-warning.js HTTP/1.1" 200 2132
[18/Aug/2015 16:02:14] "GET /static/dashboard.css HTTP/1.1" 200 1557
[18/Aug/2015 16:02:14] "GET /static/dist/js/bootstrap.min.js HTTP/1.1" 200 31819
[18/Aug/2015 16:02:14] "GET /static/assets/js/docs.min.js HTTP/1.1" 200 31625
[18/Aug/2015 16:02:14] "GET /static/dist/css/bootstrap.min.css HTTP/1.1" 200 109518
[18/Aug/2015 16:02:15] "GET /assets/flash/ZeroClipboard.swf?noCache=1439913735216 HTTP/1.1" 404 2121
[18/Aug/2015 16:02:15] "GET /favicon.ico HTTP/1.1" 404 2042
[18/Aug/2015 16:02:25] "POST / HTTP/1.1" 200 9533
[18/Aug/2015 16:02:26] "GET /assets/flash/ZeroClipboard.swf?noCache=1439913745774 HTTP/1.1" 404 2121
[18/Aug/2015 16:02:31] "GET / HTTP/1.1" 200 13500
[18/Aug/2015 16:02:31] "GET /assets/flash/ZeroClipboard.swf?noCache=1439913751150 HTTP/1.1" 404 2121
[18/Aug/2015 16:02:45] "GET /assets/flash/ZeroClipboard.swf?noCache=1439913765508 HTTP/1.1" 404 2121
[18/Aug/2015 16:03:03] "POST / HTTP/1.1" 200 16866
[18/Aug/2015 16:03:04] "GET /assets/flash/ZeroClipboard.swf?noCache=1439913783909 HTTP/1.1" 404 2121
[18/Aug/2015 16:03:11] "GET /assets/flash/ZeroClipboard.swf?noCache=1439913791254 HTTP/1.1" 404 2121
[18/Aug/2015 16:03:21] "POST / HTTP/1.1" 200 16866
[18/Aug/2015 16:03:26] "GET / HTTP/1.1" 200 13500
[18/Aug/2015 16:03:26] "GET /assets/flash/ZeroClipboard.swf?noCache=1439913806129 HTTP/1.1" 404 2121
[18/Aug/2015 16:03:30] "GET / HTTP/1.1" 200 10559
[18/Aug/2015 16:03:30] "GET /assets/flash/ZeroClipboard.swf?noCache=1439913810623 HTTP/1.1" 404 2121
[18/Aug/2015 16:03:49] "GET /assets/flash/ZeroClipboard.swf?noCache=1439913829551 HTTP/1.1" 404 2121
[20/Aug/2015 17:51:51] "GET /robots.txt HTTP/1.0" 404 2036
[20/Aug/2015 17:51:53] "GET /robots.txt HTTP/1.0" 404 2036
[20/Aug/2015 17:51:57] "GET / HTTP/1.0" 200 13500
[21/Aug/2015 05:33:33] "GET /robots.txt HTTP/1.1" 404 2039
[21/Aug/2015 05:51:13] "GET / HTTP/1.1" 200 13500
[21/Aug/2015 10:31:47] "GET /robots.txt HTTP/1.1" 404 2039
[21/Aug/2015 16:36:02] "GET /robots.txt HTTP/1.1" 404 2039
[21/Aug/2015 16:38:55] "GET /static/dashboard.css HTTP/1.1" 200 1557
[24/Aug/2015 09:23:31] "GET /robots.txt HTTP/1.1" 404 2039
[26/Aug/2015 16:43:11] "GET /wp-login.php HTTP/1.1" 404 2045
[26/Aug/2015 16:43:12] "GET /administrator/index.php HTTP/1.1" 404 2078
[26/Aug/2015 16:43:13] "GET /admin.php HTTP/1.1" 404 2036
[27/Aug/2015 02:04:24] "GET /robots.txt HTTP/1.1" 404 2039
[27/Aug/2015 02:07:31] "GET / HTTP/1.1" 200 13230
[28/Aug/2015 00:45:02] "GET / HTTP/1.1" 200 13230
[29/Aug/2015 13:23:49] "GET /robots.txt HTTP/1.1" 404 2039
[29/Aug/2015 13:32:36] "GET / HTTP/1.1" 200 13230
[29/Aug/2015 20:01:22] "GET /robots.txt HTTP/1.1" 404 2039
[30/Aug/2015 00:48:18] "GET /robots.txt HTTP/1.0" 404 2039
[30/Aug/2015 00:48:29] "GET /robots.txt HTTP/1.0" 404 2039
[30/Aug/2015 00:48:32] "GET / HTTP/1.1" 200 13230
[30/Aug/2015 13:06:17] "GET /robots.txt HTTP/1.0" 404 2036
[30/Aug/2015 13:06:19] "GET /robots.txt HTTP/1.0" 404 2036
[30/Aug/2015 13:06:22] "GET / HTTP/1.0" 200 13230
[30/Aug/2015 21:32:02] "GET /robots.txt HTTP/1.1" 404 2039
[30/Aug/2015 21:32:02] "GET /robots.txt HTTP/1.1" 404 2039
[30/Aug/2015 21:32:03] "GET / HTTP/1.1" 200 13230
[30/Aug/2015 21:32:03] "GET /static/dashboard.css HTTP/1.1" 200 1557
[30/Aug/2015 21:32:04] "GET /static/assets/js/docs.min.js HTTP/1.1" 200 31625
[30/Aug/2015 21:32:04] "GET /static/assets/js/ie10-viewport-bug-workaround.js HTTP/1.1" 200 694
[30/Aug/2015 21:32:06] "GET /static/assets/js/ie-emulation-modes-warning.js HTTP/1.1" 200 2132
[30/Aug/2015 21:32:07] "GET /static/dist/js/bootstrap.min.js HTTP/1.1" 200 31819
[30/Aug/2015 21:32:09] "GET /static/dist/css/bootstrap.min.css HTTP/1.1" 200 109518
[31/Aug/2015 03:42:40] "GET / HTTP/1.0" 200 13230
[01/Sep/2015 10:35:25] "GET /robots.txt HTTP/1.1" 404 2039
[01/Sep/2015 10:35:47] "GET /robots.txt HTTP/1.1" 404 2039
[01/Sep/2015 10:35:48] "GET / HTTP/1.1" 200 13230
[01/Sep/2015 10:37:16] "GET /static/dashboard.css HTTP/1.1" 200 1557
[01/Sep/2015 10:37:16] "GET /static/dist/css/bootstrap.min.css HTTP/1.1" 200 109518
[01/Sep/2015 15:09:28] "GET /robots.txt HTTP/1.0" 404 2036
[01/Sep/2015 15:09:40] "GET /robots.txt HTTP/1.0" 404 2036
[01/Sep/2015 15:09:52] "GET / HTTP/1.0" 200 13230
[01/Sep/2015 15:36:33] "GET / HTTP/1.1" 200 13230
[02/Sep/2015 01:02:36] "GET / HTTP/1.1" 200 13230
[02/Sep/2015 01:02:36] "GET /static/dashboard.css HTTP/1.1" 200 1557
[02/Sep/2015 01:02:36] "GET /static/assets/js/ie-emulation-modes-warning.js HTTP/1.1" 200 2132
[02/Sep/2015 01:02:36] "GET /static/assets/js/ie10-viewport-bug-workaround.js HTTP/1.1" 200 694
[02/Sep/2015 01:02:36] "GET /static/dist/js/bootstrap.min.js HTTP/1.1" 200 31819
[02/Sep/2015 01:02:36] "GET /static/assets/js/docs.min.js HTTP/1.1" 200 31625
[02/Sep/2015 01:02:37] "GET /static/dist/css/bootstrap.min.css HTTP/1.1" 200 109518
[02/Sep/2015 01:02:39] "GET /assets/flash/ZeroClipboard.swf?noCache=1441155758124 HTTP/1.1" 404 2121
[02/Sep/2015 01:02:40] "GET /favicon.ico HTTP/1.1" 404 2042
[02/Sep/2015 16:08:22] "GET / HTTP/1.1" 200 12965
[02/Sep/2015 16:08:22] "GET /static/assets/js/ie10-viewport-bug-workaround.js HTTP/1.1" 200 694
[02/Sep/2015 16:08:22] "GET /static/assets/js/ie-emulation-modes-warning.js HTTP/1.1" 200 2132
[02/Sep/2015 16:08:22] "GET /static/dashboard.css HTTP/1.1" 200 1557
[02/Sep/2015 16:08:22] "GET /static/assets/js/docs.min.js HTTP/1.1" 200 31625
[02/Sep/2015 16:08:22] "GET /static/dist/js/bootstrap.min.js HTTP/1.1" 200 31819
[02/Sep/2015 16:08:23] "GET /static/dist/css/bootstrap.min.css HTTP/1.1" 200 109518
[02/Sep/2015 16:08:23] "GET /assets/flash/ZeroClipboard.swf?noCache=1441210104855 HTTP/1.1" 404 2121
[02/Sep/2015 16:08:23] "GET /favicon.ico HTTP/1.1" 404 2042
[03/Sep/2015 06:35:24] "GET / HTTP/1.1" 200 10024
[04/Sep/2015 02:37:00] "GET /robots.txt HTTP/1.0" 404 2036
[04/Sep/2015 02:37:07] "GET /robots.txt HTTP/1.0" 404 2036
[04/Sep/2015 02:37:10] "GET / HTTP/1.0" 200 12965
[04/Sep/2015 12:24:48] "GET /robots.txt HTTP/1.1" 404 2039
[04/Sep/2015 13:49:12] "GET / HTTP/1.1" 200 12965
[04/Sep/2015 13:49:13] "GET /static/assets/js/ie10-viewport-bug-workaround.js HTTP/1.1" 200 694
[04/Sep/2015 13:49:13] "GET /static/dashboard.css HTTP/1.1" 200 1557
[04/Sep/2015 13:49:13] "GET /static/assets/js/ie-emulation-modes-warning.js HTTP/1.1" 200 2132
[04/Sep/2015 13:49:13] "GET /static/dist/js/bootstrap.min.js HTTP/1.1" 200 31819
[04/Sep/2015 13:49:13] "GET /static/assets/js/docs.min.js HTTP/1.1" 200 31625
[04/Sep/2015 13:49:13] "GET /static/dist/css/bootstrap.min.css HTTP/1.1" 200 109518
[04/Sep/2015 13:50:11] "GET /assets/flash/ZeroClipboard.swf?noCache=1441374555985 HTTP/1.1" 404 2121
[04/Sep/2015 13:50:29] "POST / HTTP/1.1" 200 18928
[04/Sep/2015 13:50:33] "GET /assets/flash/ZeroClipboard.swf?noCache=1441374631833 HTTP/1.1" 404 2121
[04/Sep/2015 13:50:41] "POST / HTTP/1.1" 200 9532
[04/Sep/2015 13:50:41] "GET /assets/flash/ZeroClipboard.swf?noCache=1441374643560 HTTP/1.1" 404 2121
[04/Sep/2015 13:50:49] "POST / HTTP/1.1" 200 9532
[04/Sep/2015 13:50:50] "GET /assets/flash/ZeroClipboard.swf?noCache=1441374651745 HTTP/1.1" 404 2121
[04/Sep/2015 13:50:56] "POST / HTTP/1.1" 200 9532
[04/Sep/2015 13:50:57] "GET /static/assets/js/ie10-viewport-bug-workaround.js HTTP/1.1" 200 694
[04/Sep/2015 13:50:57] "GET /static/assets/js/ie-emulation-modes-warning.js HTTP/1.1" 200 2132
[04/Sep/2015 13:50:57] "GET /static/dashboard.css HTTP/1.1" 200 1557
[04/Sep/2015 13:50:57] "GET /static/assets/js/docs.min.js HTTP/1.1" 200 31625
[04/Sep/2015 13:50:57] "GET /static/dist/js/bootstrap.min.js HTTP/1.1" 200 31819
[04/Sep/2015 13:50:57] "GET /static/dist/css/bootstrap.min.css HTTP/1.1" 200 109518
[04/Sep/2015 13:50:58] "GET /assets/flash/ZeroClipboard.swf?noCache=1441374659869 HTTP/1.1" 404 2121
[04/Sep/2015 13:51:00] "GET /assets/flash/ZeroClipboard.swf?noCache=1441374662173 HTTP/1.1" 404 2121
[04/Sep/2015 13:51:01] "GET /assets/flash/ZeroClipboard.swf?noCache=1441374662841 HTTP/1.1" 404 2121
[04/Sep/2015 13:51:10] "POST / HTTP/1.1" 200 19198
[04/Sep/2015 13:51:12] "GET /assets/flash/ZeroClipboard.swf?noCache=1441374671941 HTTP/1.1" 404 2121
[04/Sep/2015 13:51:25] "POST / HTTP/1.1" 200 19481
[04/Sep/2015 13:52:01] "GET /assets/flash/ZeroClipboard.swf?noCache=1441374687637 HTTP/1.1" 404 2121
[04/Sep/2015 13:52:09] "POST / HTTP/1.1" 200 9532
[04/Sep/2015 13:53:04] "GET /assets/flash/ZeroClipboard.swf?noCache=1441374731723 HTTP/1.1" 404 2121
[04/Sep/2015 13:53:14] "POST / HTTP/1.1" 200 9532
[04/Sep/2015 13:53:14] "GET /assets/flash/ZeroClipboard.swf?noCache=1441374795988 HTTP/1.1" 404 2121
[04/Sep/2015 13:53:26] "GET / HTTP/1.1" 200 12965
[04/Sep/2015 13:53:26] "GET /assets/flash/ZeroClipboard.swf?noCache=1441374808237 HTTP/1.1" 404 2121
[04/Sep/2015 13:53:34] "POST / HTTP/1.1" 200 9533
[04/Sep/2015 13:53:34] "GET /assets/flash/ZeroClipboard.swf?noCache=1441374816310 HTTP/1.1" 404 2121
[04/Sep/2015 13:53:54] "POST / HTTP/1.1" 200 9533
[04/Sep/2015 13:53:54] "GET /assets/flash/ZeroClipboard.swf?noCache=1441374836393 HTTP/1.1" 404 2121
[04/Sep/2015 13:56:06] "POST / HTTP/1.1" 200 9533
[04/Sep/2015 13:56:06] "GET /static/assets/js/ie10-viewport-bug-workaround.js HTTP/1.1" 200 694
[04/Sep/2015 13:56:06] "GET /static/assets/js/ie-emulation-modes-warning.js HTTP/1.1" 200 2132
[04/Sep/2015 13:56:06] "GET /static/dashboard.css HTTP/1.1" 200 1557
[04/Sep/2015 13:56:06] "GET /static/dist/js/bootstrap.min.js HTTP/1.1" 200 31819
[04/Sep/2015 13:56:06] "GET /static/assets/js/docs.min.js HTTP/1.1" 200 31625
[04/Sep/2015 13:56:06] "GET /static/dist/css/bootstrap.min.css HTTP/1.1" 200 109518
[04/Sep/2015 13:56:07] "GET /assets/flash/ZeroClipboard.swf?noCache=1441374969075 HTTP/1.1" 404 2121
[04/Sep/2015 13:58:32] "POST / HTTP/1.1" 200 9533
[04/Sep/2015 13:58:33] "GET /static/assets/js/ie-emulation-modes-warning.js HTTP/1.1" 200 2132
[04/Sep/2015 13:58:33] "GET /static/assets/js/ie10-viewport-bug-workaround.js HTTP/1.1" 200 694
[04/Sep/2015 13:58:33] "GET /static/dashboard.css HTTP/1.1" 200 1557
[04/Sep/2015 13:58:33] "GET /static/assets/js/docs.min.js HTTP/1.1" 200 31625
[04/Sep/2015 13:58:33] "GET /static/dist/js/bootstrap.min.js HTTP/1.1" 200 31819
[04/Sep/2015 13:58:33] "GET /static/dist/css/bootstrap.min.css HTTP/1.1" 200 109518
[04/Sep/2015 13:58:34] "GET /assets/flash/ZeroClipboard.swf?noCache=1441375115819 HTTP/1.1" 404 2121
[04/Sep/2015 14:14:05] "GET / HTTP/1.1" 200 12965
[04/Sep/2015 14:14:05] "GET /assets/flash/ZeroClipboard.swf?noCache=1441376047310 HTTP/1.1" 404 2121
[04/Sep/2015 14:14:08] "POST / HTTP/1.1" 200 9533
[04/Sep/2015 14:14:08] "GET /assets/flash/ZeroClipboard.swf?noCache=1441376050466 HTTP/1.1" 404 2121
[04/Sep/2015 14:29:13] "POST / HTTP/1.1" 200 9533
[04/Sep/2015 14:29:14] "GET /static/assets/js/ie10-viewport-bug-workaround.js HTTP/1.1" 200 694
[04/Sep/2015 14:29:14] "GET /static/assets/js/ie-emulation-modes-warning.js HTTP/1.1" 200 2132
[04/Sep/2015 14:29:14] "GET /static/dashboard.css HTTP/1.1" 200 1557
[04/Sep/2015 14:29:14] "GET /static/dist/js/bootstrap.min.js HTTP/1.1" 200 31819
[04/Sep/2015 14:29:14] "GET /static/assets/js/docs.min.js HTTP/1.1" 200 31625
[04/Sep/2015 14:29:14] "GET /static/dist/css/bootstrap.min.css HTTP/1.1" 200 109518
[04/Sep/2015 14:29:15] "GET /assets/flash/ZeroClipboard.swf?noCache=1441376956962 HTTP/1.1" 404 2121
[04/Sep/2015 14:29:21] "POST / HTTP/1.1" 200 9533
[04/Sep/2015 14:29:21] "GET /assets/flash/ZeroClipboard.swf?noCache=1441376962955 HTTP/1.1" 404 2121
[04/Sep/2015 14:29:28] "POST / HTTP/1.1" 200 22414
[04/Sep/2015 14:29:29] "GET /assets/flash/ZeroClipboard.swf?noCache=1441376970871 HTTP/1.1" 404 2121
[04/Sep/2015 14:29:39] "GET /assets/flash/ZeroClipboard.swf?noCache=1441376980941 HTTP/1.1" 404 2121
[04/Sep/2015 14:29:43] "GET /assets/flash/ZeroClipboard.swf?noCache=1441376985184 HTTP/1.1" 404 2121
Performing system checks...

System check identified no issues (0 silenced).

You have unapplied migrations; your app may not work properly until they are applied.
Run 'python manage.py migrate' to apply them.
June 26, 2015 - 22:55:18
Django version 1.7.1, using settings 'django_project.settings'
Starting development server at http://0.0.0.0:90/
Quit the server with CONTROL-C.
Executing...
1435359324061
0
Executing...
1435359337425
0
1
2
Executing...
1435437067691
0
Executing...
1435478344067
0
Executing...
1435701184781
0
Executing...
1435783833471
0
Executing...
1435887428946
0
Executing...
1435997491019
0
Executing...
1436169470102
0
Executing...
1436264083898
0
Executing...
1436296433988
0
Executing...
1436408277662
0
Executing...
1436636920360
0
----------------------------------------
Exception happened during processing of request from ('180.76.15.137', 51769)
----------------------------------------
Executing...
1436747714595
0
Executing...
1436798925061
0
Executing...
1436843868576
0
Executing...
1436843888001
0
Executing...
1436867290460
0
Executing...
1436888926876
0
Executing...
1437079436207
0
Executing...
1437099409448
0
Executing...
1437250438355
0
Executing...
1437294923991
0
Executing...
1437331406908
0
Executing...
1437497554963
0
Executing...
1437504619983
0
Executing...
1437593369551
0
Executing...
1437661723258
0
Executing...
1437757655544
0
Executing...
1437837340732
0
Executing...
1437867452491
0
Executing...
1437867466466
0
Executing...
1437944406096
0
Executing...
1437967350360
0
----------------------------------------
Exception happened during processing of request from ('46.165.220.215', 49289)
----------------------------------------
Executing...
1437971132715
0
Executing...
1438053713001
0
Executing...
1438213694778
0
Executing...
1438320675461
0
Executing...
1438323764927
0
Executing...
1438370313572
0
Executing...
1438433371112
0
Executing...
1438459486132
0
Executing...
1438514586077
0
Executing...
1438546186907
0
Executing...
1438561530215
0
Executing...
1438618361240
0
Executing...
1438630577367
0
Executing...
1438630617231
0
1
Executing...
1438656198781
0
Executing...
1438673166547
0
Executing...
1438824423518
0
Executing...
1438997570625
0
Executing...
1439002295576
0
Executing...
1439062641387
0
Executing...
1439066129174
0
Executing...
1439086835071
0
Executing...
1439099348086
0
Executing...
1439114279297
0
Executing...
1439147283098
0
Executing...
1439169662122
0
Executing...
1439215440632
0
Executing...
1439336588801
0
Executing...
1439357594396
0
Executing...
1439549836260
0
Executing...
1439688348601
0
Executing...
1439723754859
0
Executing...
1439807005788
0
Executing...
1439824281423
0
Executing...
1439875588338
0
Executing...
1439913733122
0
Executing...
1439913744733
0
Executing...
1439913749900
0
Executing...
1439913782079
0
1
Executing...
1439913799821
0
1
Executing...
1439913805317
0
Executing...
1439913809842
0
Executing...
1440093116258
0
Executing...
1440136272840
0
Executing...
1440641250285
0
Executing...
1440722701792
0
Executing...
1440855155213
0
Executing...
1440895711463
0
Executing...
1440939981208
0
Executing...
1440970322465
0
Executing...
1440992559647
0
Executing...
1441103747989
0
Executing...
1441120191200
0
Executing...
1441121792115
0
Executing...
1441155755360
0
Executing...
1441210101440
0
Executing...
1441262123916
0
Executing...
1441334229581
0
Executing...
1441374551932
0
Executing...
1441374620561
0
1
2
3
4
5
6
7
8
9
Executing...
1441374638257
0
1
2
3
Executing...
1441374646229
0
1
2
3
4
Executing...
1441374653117
0
1
2
3
4
Executing...
1441374663302
0
1
2
3
4
5
6
7
8
9
Executing...
1441374677695
0
1
2
3
4
5
6
7
8
9
10
11
Executing...
1441374726111
0
1
2
3
4
Executing...
1441374792485
0
1
Executing...
1441374805262
0
Executing...
1441374809976
0
1
2
3
4
Executing...
1441374830139
0
1
2
3
4
Executing...
1441374962190
0
1
2
3
4
Executing...
1441375109544
0
1
2
3
4
Executing...
1441376044000
0
Executing...
1441376047426
0
Executing...
1441376952944
0
Executing...
1441376959977
0
Executing...
1441376965029
0
1
2
3
4
Executing...
1441376984671
0
1
2
3[04/Sep/2015 14:29:48] "POST / HTTP/1.1" 200 22414
[04/Sep/2015 14:29:48] "GET /assets/flash/ZeroClipboard.swf?noCache=1441376990410 HTTP/1.1" 404 2121
[04/Sep/2015 14:29:51] "GET /assets/flash/ZeroClipboard.swf?noCache=1441376993528 HTTP/1.1" 404 2121
[04/Sep/2015 14:29:59] "POST / HTTP/1.1" 200 9532
[04/Sep/2015 14:29:59] "GET /assets/flash/ZeroClipboard.swf?noCache=1441377001061 HTTP/1.1" 404 2121
[04/Sep/2015 14:30:01] "GET /assets/flash/ZeroClipboard.swf?noCache=1441377002784 HTTP/1.1" 404 2121
[04/Sep/2015 14:30:06] "POST / HTTP/1.1" 200 22414
[04/Sep/2015 14:30:07] "GET /assets/flash/ZeroClipboard.swf?noCache=1441377008891 HTTP/1.1" 404 2121
[04/Sep/2015 14:30:16] "POST / HTTP/1.1" 200 22414
[04/Sep/2015 14:30:16] "GET /assets/flash/ZeroClipboard.swf?noCache=1441377018539 HTTP/1.1" 404 2121
[04/Sep/2015 19:13:09] "GET / HTTP/1.1" 200 12965
[04/Sep/2015 19:13:09] "GET /static/assets/js/ie10-viewport-bug-workaround.js HTTP/1.1" 200 694
[04/Sep/2015 19:13:09] "GET /static/assets/js/ie-emulation-modes-warning.js HTTP/1.1" 200 2132
[04/Sep/2015 19:13:09] "GET /static/dashboard.css HTTP/1.1" 200 1557
[04/Sep/2015 19:13:09] "GET /static/dist/js/bootstrap.min.js HTTP/1.1" 200 31819
[04/Sep/2015 19:13:09] "GET /static/assets/js/docs.min.js HTTP/1.1" 200 31625
[04/Sep/2015 19:13:09] "GET /static/dist/css/bootstrap.min.css HTTP/1.1" 200 109518
[04/Sep/2015 19:13:10] "GET /assets/flash/ZeroClipboard.swf?noCache=1441393992745 HTTP/1.1" 404 2121
[04/Sep/2015 19:13:56] "GET /article/google HTTP/1.1" 404 2051
[04/Sep/2015 19:13:57] "GET /assets/flash/ZeroClipboard.swf?noCache=1441393992745 HTTP/1.1" 404 2121
[04/Sep/2015 19:21:10] "GET / HTTP/1.1" 200 12965
[04/Sep/2015 19:21:10] "GET /assets/flash/ZeroClipboard.swf?noCache=1441394472691 HTTP/1.1" 404 2121
[04/Sep/2015 19:21:15] "GET / HTTP/1.1" 200 12965
[04/Sep/2015 19:21:16] "GET /static/assets/js/ie10-viewport-bug-workaround.js HTTP/1.1" 200 694
[04/Sep/2015 19:21:16] "GET /static/assets/js/ie-emulation-modes-warning.js HTTP/1.1" 200 2132
[04/Sep/2015 19:21:16] "GET /static/dashboard.css HTTP/1.1" 200 1557
[04/Sep/2015 19:21:16] "GET /static/dist/js/bootstrap.min.js HTTP/1.1" 200 31819
[04/Sep/2015 19:21:16] "GET /static/assets/js/docs.min.js HTTP/1.1" 200 31625
[04/Sep/2015 19:21:16] "GET /static/dist/css/bootstrap.min.css HTTP/1.1" 200 109518
Traceback (most recent call last):
  File "/usr/lib/python2.7/wsgiref/handlers.py", line 86, in run
    self.finish_response()
  File "/usr/lib/python2.7/wsgiref/handlers.py", line 128, in finish_response
    self.write(data)
  File "/usr/lib/python2.7/wsgiref/handlers.py", line 217, in write
    self._write(data)
  File "/usr/lib/python2.7/socket.py", line 324, in write
    self.flush()
  File "/usr/lib/python2.7/socket.py", line 303, in flush
    self._sock.sendall(view[write_offset:write_offset+buffer_size])
error: [Errno 32] Broken pipe
[04/Sep/2015 19:21:16] "GET /static/dist/css/bootstrap.min.css HTTP/1.1" 500 59
Traceback (most recent call last):
  File "/usr/lib/python2.7/SocketServer.py", line 593, in process_request_thread
    self.finish_request(request, client_address)
  File "/usr/lib/python2.7/SocketServer.py", line 334, in finish_request
    self.RequestHandlerClass(request, client_address, self)
  File "/var/python-django-etc/django-ethan/local/lib/python2.7/site-packages/Django-1.7.1-py2.7.egg/django/core/servers/basehttp.py", line 129, in __init__
    super(WSGIRequestHandler, self).__init__(*args, **kwargs)
  File "/usr/lib/python2.7/SocketServer.py", line 651, in __init__
    self.finish()
  File "/usr/lib/python2.7/SocketServer.py", line 710, in finish
    self.wfile.close()
  File "/usr/lib/python2.7/socket.py", line 279, in close
    self.flush()
  File "/usr/lib/python2.7/socket.py", line 303, in flush
    self._sock.sendall(view[write_offset:write_offset+buffer_size])
error: [Errno 32] Broken pipe

4
Executing...
1441376994768
0
1
2
3
4
Executing...
1441377003283
0
1
2
3
4
Executing...
1441377012421
0
1
2
3
4
5
Executing...
1441393988627
0
Executing...
1441394469359
0
Executing...
1441394475154
0
----------------------------------------
Exception happened during processing of request from ('159.140.254.101', 8401)
----------------------------------------
[04/Sep/2015 20:18:22] "GET / HTTP/1.1" 200 13099
[04/Sep/2015 20:18:23] "GET /assets/flash/ZeroClipboard.swf?noCache=1441397902808 HTTP/1.1" 404 2121
Performing system checks...

System check identified no issues (0 silenced).

You have unapplied migrations; your app may not work properly until they are applied.
Run 'python manage.py migrate' to apply them.
September 04, 2015 - 20:18:11
Django version 1.7.1, using settings 'django_project.settings'
Starting development server at http://0.0.0.0:90/
Quit the server with CONTROL-C.
Executing...
1441397901935
0
[04/Sep/2015 20:18:43] "GET / HTTP/1.1" 200 18958
[04/Sep/2015 20:18:43] "GET /assets/flash/ZeroClipboard.swf?noCache=1441397923282 HTTP/1.1" 404 2121
[04/Sep/2015 20:18:51] "POST / HTTP/1.1" 200 23200
[04/Sep/2015 20:18:51] "GET /assets/flash/ZeroClipboard.swf?noCache=1441397931319 HTTP/1.1" 404 2121
[04/Sep/2015 20:19:01] "POST / HTTP/1.1" 200 23369
[04/Sep/2015 20:19:02] "GET /assets/flash/ZeroClipboard.swf?noCache=1441397941352 HTTP/1.1" 404 2121
[04/Sep/2015 20:19:10] "POST / HTTP/1.1" 200 25074
[04/Sep/2015 20:19:11] "GET /assets/flash/ZeroClipboard.swf?noCache=1441397950544 HTTP/1.1" 404 2121
[04/Sep/2015 20:19:18] "POST / HTTP/1.1" 200 24100
[04/Sep/2015 20:19:19] "GET /assets/flash/ZeroClipboard.swf?noCache=1441397958357 HTTP/1.1" 404 2121
[05/Sep/2015 09:34:09] "GET /robots.txt HTTP/1.1" 404 2039
[05/Sep/2015 23:52:16] "GET / HTTP/1.1" 200 17724
[05/Sep/2015 23:52:18] "GET / HTTP/1.1" 200 17724
[06/Sep/2015 06:39:23] "GET /robots.txt HTTP/1.1" 404 2039
[06/Sep/2015 06:40:28] "GET /static/dist/js/bootstrap.min.js HTTP/1.1" 200 31819
[06/Sep/2015 23:33:47] "GET /static/dashboard.css HTTP/1.1" 200 1557
[08/Sep/2015 19:44:44] "GET /static/assets/js/docs.min.js HTTP/1.1" 200 31625
[09/Sep/2015 01:06:52] "GET / HTTP/1.1" 200 17724
